<?xml version="1.0" encoding="UTF-8" standalone="yes" ?>

<inet:Report xmlns:inet="http://www.inetsoftware.de" major_version="8" minor_version="0" major_xml_version="7" minor_xml_version="9" count="3" id="0">
    <Datasource dll="dsfutsal_configuration.dll">
      <DataSourceConfiguration name="dsfutsal">
        <property name="database" value="db_futsal"/>
        <property name="autoDeserialize" value="false"/>
        <property name="quotesLowerCase" value="false"/>
        <property name="blobSendChunkSize" value="1048576"/>
        <property name="connectionCollation" value=""/>
        <property name="useReadAheadInput" value="true"/>
        <property name="connectTimeout" value="0"/>
        <property name="requireSSL" value="false"/>
        <property name="socketTimeout" value="0"/>
        <property name="supportsParenthesesForJoin" value="true"/>
        <property name="supportsWhere" value="true"/>
        <property name="port" value="3306"/>
        <property name="maxRows" value="-1"/>
        <property name="host" value="localhost"/>
        <property name="useUnicode" value="true"/>
        <property name="sessionVariables" value=""/>
        <property name="supportsOrderBy" value="true"/>
        <property name="databaseClassName" value=""/>
        <property name="user" value="root"/>
        <property name="useCursorFetch" value="false"/>
        <property name="serverTimezone" value=""/>
        <property name="useGmtMillisForDatetimes" value="false"/>
        <property name="metadataCacheSize" value="50"/>
        <property name="noTimezoneConversionForTimeType" value="false"/>
        <property name="url" value="jdbc:mysql://{host}:{port}/{database}"/>
        <property name="useFastIntParsing" value="true"/>
        <property name="useSSL" value="false"/>
        <property name="characterEncoding" value=""/>
        <property name="savePassword" value="true"/>
        <property name="clobCharacterEncoding" value=""/>
        <property name="prepStmtCacheSize" value="25"/>
        <property name="zeroDateTimeBehavior" value="exception"/>
        <property name="driverLibrary" value=""/>
        <property name="emptyStringsConvertToZero" value="true"/>
        <property name="useCompression" value="false"/>
        <property name="validationQuery" value=""/>
        <property name="identifierQuoteString" value=""/>
        <property name="defaultFetchSize" value="0"/>
        <property name="locatorFetchBufferSize" value="1048576"/>
        <property name="prepStmtCacheSqlLimit" value="256"/>
        <property name="supportsSQL92" value="true"/>
        <property name="aliasToken" value=""/>
        <property name="cacheCallableStmts" value="false"/>
        <property name="dynamicCalendars" value="false"/>
        <property name="driverClassName" value="com.mysql.jdbc.Driver"/>
        <property name="useTimezone" value="false"/>
        <property name="password" value="0038B34E79F5B90D950DB19218A21D582938B35B489CC5A5E7E18BD7AFCEE6CF56"/>
        <property name="paranoid" value="false"/>
        <property name="emulateLocators" value="false"/>
      </DataSourceConfiguration>
      <Tablesource alias="tbl_pembayaran" databaseIdentifier="tbl_pembayaran">
        <Column name="No_Transaksi" type="11" description="No_Transaksi" />
        <Column name="Tanggal_Booking" type="9" description="Tanggal_Booking" />
        <Column name="Nama" type="11" description="Nama" />
        <Column name="Total" type="6" description="Total" />
        <Column name="DP" type="6" description="DP" />
        <Column name="Sisa_Pembayaran" type="6" description="Sisa_Pembayaran" />
        <Column name="Bayar" type="6" description="Bayar" />
        <Column name="Final_Payment" type="6" description="Final_Payment" />
        <Column name="Status" type="11" description="Status" />
      </Tablesource>
    </Datasource>
  <Database>
    <QueryChanges mask="0" count="2">
      <Attribute name="queryChange" value="null"/>
      <Attribute name="queryChange" value="null"/>
    </QueryChanges>
  </Database>
  <FormulaFields count="0">
  </FormulaFields>

  <PromptFields count="1">
    <Field type="PromptVarField" valueType="11">
      <Attribute name="name" value="prompt0"/>
      <Attribute name="allow_multiple_values" value="false"/>
      <Attribute name="discrete_or_range" value="0"/>
      <Attribute name="allow editing" value="true"/>
      <Attribute name="description_only" value="false"/>
      <Attribute name="edit mask" value=""/>
      <Attribute name="prompt_text" value=""/>
      <Attribute name="use_range" value="false"/>
    </Field>
  </PromptFields>

  <SQLFields count="0">
  </SQLFields>

  <SortFields count="0">
  </SortFields>

  <ReportProperties>
    <Attribute name="page width" value="12240"/>
    <Attribute name="page height" value="15840"/>
    <Attribute name="page orientation" value="1"/>
    <Attribute name="page margin left" value="720"/>
    <Attribute name="page margin right" value="720"/>
    <Attribute name="page margin top" value="720"/>
    <Attribute name="page margin bottom" value="720"/>
    <Attribute name="report title" value="Report3"/>
    <Attribute name="report last saved" value="5 Jan 2023 19:48:02 GMT"/>
    <Attribute name="report created" value="5 Jan 2023 19:37:33 GMT"/>
    <Attribute name="mailing label type 1" value=""/>
    <Attribute name="mailing label type 2" value=""/>
    <Attribute name="format with multiple columns" value="false"/>
    <Attribute name="mailing label width" value="0"/>
    <Attribute name="mailing label height" value="0"/>
    <Attribute name="mailing label distance vertical" value="0"/>
    <Attribute name="mailing label distance horizontal" value="0"/>
    <Attribute name="across then down" value="false"/>
    <Attribute name="format groups with multiple columns" value="false"/>
    <Attribute name="distinct" value="false"/>
    <Attribute name="ignore filtering" value="false"/>
    <Attribute name="ignore sorting" value="false"/>
    <Attribute name="convert date time" value="0"/>
    <Attribute name="suppress if no rows" value="false"/>
    <Attribute name="convert null values to default" value="false"/>
    <Attribute name="hide PageFooter inside ReportHeader" value="false"/>
    <Attribute name="form print" value="false"/>
    <Attribute name="printing enabled" value="true"/>
    <Attribute name="clipboard enabled" value="true"/>
    <Attribute name="export enabled" value="true"/>
    <Attribute name="group tree visible" value="true"/>
  </ReportProperties>
  <AreaPair type="PageAreaPair" id="0">
    <Area type="PageHeader" count="1">
      <Section type="PageHeader" count="19" width="10800" height="920" id="0">
        <Element type="Text" count="1" x_position="150" y_position="450" width="1066" height="450">
          <Element type="Paragraph" count="1">
            <CommonProperties>
              <Attribute name="horizontal align" value="2"/>
            </CommonProperties>
            <Element type="TextPart">
            <![CDATA[No Transaksi]]>
            </Element>
          </Element>
        </Element>
        <Element type="Line" x2_position="1246" y2_position="30" x_position="1246" y_position="450" width="0" height="0">
          <CommonProperties>
            <Attribute name="horizontal align" value="1"/>
          </CommonProperties>
          <LineProperties>
            <Attribute name="id" value="3"/>
          </LineProperties>
        </Element>
        <Element type="Text" count="1" x_position="1350" y_position="450" width="1066" height="450">
          <Element type="Paragraph" count="1">
            <CommonProperties>
              <Attribute name="horizontal align" value="2"/>
            </CommonProperties>
            <Element type="TextPart">
            <![CDATA[Tanggal Booking]]>
            </Element>
          </Element>
        </Element>
        <Element type="Line" x2_position="2432" y2_position="30" x_position="2432" y_position="450" width="0" height="0">
          <CommonProperties>
            <Attribute name="horizontal align" value="1"/>
          </CommonProperties>
          <LineProperties>
            <Attribute name="id" value="3"/>
          </LineProperties>
        </Element>
        <Element type="Text" count="1" x_position="2550" y_position="600" width="1066" height="240">
          <Element type="Paragraph" count="1">
            <CommonProperties>
              <Attribute name="horizontal align" value="2"/>
            </CommonProperties>
            <Element type="TextPart">
            <![CDATA[Nama]]>
            </Element>
          </Element>
        </Element>
        <Element type="Line" x2_position="3618" y2_position="30" x_position="3618" y_position="450" width="0" height="0">
          <CommonProperties>
            <Attribute name="horizontal align" value="1"/>
          </CommonProperties>
          <LineProperties>
            <Attribute name="id" value="3"/>
          </LineProperties>
        </Element>
        <Element type="Text" count="1" x_position="3750" y_position="600" width="1066" height="240">
          <Element type="Paragraph" count="1">
            <CommonProperties>
              <Attribute name="horizontal align" value="2"/>
            </CommonProperties>
            <Element type="TextPart">
            <![CDATA[Total]]>
            </Element>
          </Element>
        </Element>
        <Element type="Line" x2_position="4804" y2_position="30" x_position="4804" y_position="450" width="0" height="0">
          <CommonProperties>
            <Attribute name="horizontal align" value="1"/>
          </CommonProperties>
          <LineProperties>
            <Attribute name="id" value="3"/>
          </LineProperties>
        </Element>
        <Element type="Text" count="1" x_position="4950" y_position="600" width="1066" height="240">
          <Element type="Paragraph" count="1">
            <CommonProperties>
              <Attribute name="horizontal align" value="2"/>
            </CommonProperties>
            <Element type="TextPart">
            <![CDATA[DP]]>
            </Element>
          </Element>
        </Element>
        <Element type="Line" x2_position="5990" y2_position="30" x_position="5990" y_position="450" width="0" height="0">
          <CommonProperties>
            <Attribute name="horizontal align" value="1"/>
          </CommonProperties>
          <LineProperties>
            <Attribute name="id" value="3"/>
          </LineProperties>
        </Element>
        <Element type="Text" count="1" x_position="6050" y_position="450" width="1066" height="450">
          <Element type="Paragraph" count="1">
            <CommonProperties>
              <Attribute name="horizontal align" value="2"/>
            </CommonProperties>
            <Element type="TextPart">
            <![CDATA[Sisa Pembayaran]]>
            </Element>
          </Element>
        </Element>
        <Element type="Line" x2_position="7176" y2_position="30" x_position="7176" y_position="450" width="0" height="0">
          <CommonProperties>
            <Attribute name="horizontal align" value="1"/>
          </CommonProperties>
          <LineProperties>
            <Attribute name="id" value="3"/>
          </LineProperties>
        </Element>
        <Element type="Text" count="1" x_position="7200" y_position="600" width="1066" height="240">
          <Element type="Paragraph" count="1">
            <CommonProperties>
              <Attribute name="horizontal align" value="2"/>
            </CommonProperties>
            <Element type="TextPart">
            <![CDATA[Bayar]]>
            </Element>
          </Element>
        </Element>
        <Element type="Line" x2_position="8362" y2_position="30" x_position="8362" y_position="450" width="0" height="0">
          <CommonProperties>
            <Attribute name="horizontal align" value="1"/>
          </CommonProperties>
          <LineProperties>
            <Attribute name="id" value="3"/>
          </LineProperties>
        </Element>
        <Element type="Text" count="1" x_position="8400" y_position="450" width="1066" height="450">
          <Element type="Paragraph" count="1">
            <CommonProperties>
              <Attribute name="horizontal align" value="2"/>
            </CommonProperties>
            <Element type="TextPart">
            <![CDATA[Final Payment]]>
            </Element>
          </Element>
        </Element>
        <Element type="Line" x2_position="9548" y2_position="30" x_position="9548" y_position="450" width="0" height="0">
          <CommonProperties>
            <Attribute name="horizontal align" value="1"/>
          </CommonProperties>
          <LineProperties>
            <Attribute name="id" value="3"/>
          </LineProperties>
        </Element>
        <Element type="Text" count="1" x_position="9600" y_position="600" width="1066" height="240">
          <Element type="Paragraph" count="1">
            <CommonProperties>
              <Attribute name="horizontal align" value="2"/>
            </CommonProperties>
            <Element type="TextPart">
            <![CDATA[Status]]>
            </Element>
          </Element>
        </Element>
        <Element type="Box" x2_position="10800" y2_position="450" x_position="0" y_position="450" width="0" height="0">
          <BoxProperties>
            <Attribute name="close border on page break" value="true"/>
              <LineProperties>
                <Attribute name="id" value="4"/>
              </LineProperties>
          </BoxProperties>
        </Element>
        <Element type="Line" x2_position="10800" y2_position="900" x_position="0" y_position="900" width="0" height="0">
        </Element>
      </Section>
    </Area>
    <Area type="PageFooter" count="1">
      <Section type="PageFooter" count="0" width="10800" height="800" id="1">
      </Section>
    </Area>
  </AreaPair>

  <AreaPair type="ReportAreaPair" id="0">
    <Area type="ReportHeader" count="1">
      <Section type="ReportHeader" count="10" width="10800" height="1800" id="2">
        <Element type="Text" count="1" x_position="2550" y_position="150" width="6300" height="450">
          <Element type="Paragraph" count="1">
            <CommonProperties>
              <Attribute name="horizontal align" value="2"/>
            </CommonProperties>
            <Element type="TextPart">
              <FontProperties>
                <Attribute name="font name" value="Dialog"/>
                <Attribute name="font size" value="320"/>
                <Attribute name="font style" value="1"/>
              </FontProperties>
            <![CDATA[DINO SPORT CENTER PADANG]]>
            </Element>
          </Element>
        </Element>
        <Element type="Text" count="1" x_position="2250" y_position="600" width="6900" height="450">
          <Element type="Paragraph" count="1">
            <CommonProperties>
              <Attribute name="horizontal align" value="2"/>
            </CommonProperties>
            <Element type="TextPart">
              <FontProperties>
                <Attribute name="font name" value="Dialog"/>
                <Attribute name="font size" value="280"/>
              </FontProperties>
            <![CDATA[Jl .Rawang Ketaping No.20 , Padang , Sumatera Barat]]>
            </Element>
          </Element>
        </Element>
        <Element type="Line" x2_position="10650" y2_position="1200" x_position="150" y_position="1200" width="0" height="0">
          <LineProperties>
            <Attribute name="style" value="2"/>
          </LineProperties>
        </Element>
        <Element type="Line" x2_position="10650" y2_position="1200" x_position="150" y_position="1200" width="0" height="0">
          <LineProperties>
            <Attribute name="style" value="2"/>
          </LineProperties>
        </Element>
        <Element type="Line" x2_position="10650" y2_position="1200" x_position="150" y_position="1200" width="0" height="0">
          <LineProperties>
            <Attribute name="style" value="2"/>
          </LineProperties>
        </Element>
        <Element type="Line" x2_position="10650" y2_position="1200" x_position="150" y_position="1200" width="0" height="0">
          <LineProperties>
            <Attribute name="style" value="2"/>
          </LineProperties>
        </Element>
        <Element type="Line" x2_position="10650" y2_position="1200" x_position="150" y_position="1200" width="0" height="0">
          <LineProperties>
            <Attribute name="style" value="2"/>
          </LineProperties>
        </Element>
        <Element type="Line" x2_position="10650" y2_position="1200" x_position="150" y_position="1200" width="0" height="0">
          <LineProperties>
            <Attribute name="style" value="2"/>
          </LineProperties>
        </Element>
        <Element type="Line" x2_position="10650" y2_position="1200" x_position="150" y_position="1200" width="0" height="0">
          <LineProperties>
            <Attribute name="style" value="2"/>
          </LineProperties>
        </Element>
        <Element type="Text" count="1" x_position="3600" y_position="1350" width="3900" height="300">
          <Element type="Paragraph" count="1">
            <CommonProperties>
              <Attribute name="horizontal align" value="2"/>
            </CommonProperties>
            <Element type="TextPart">
              <FontProperties>
                <Attribute name="font name" value="sansserif"/>
                <Attribute name="font size" value="280"/>
              </FontProperties>
            <![CDATA[Laporan Data Pembayaran]]>
            </Element>
          </Element>
        </Element>
      </Section>
    </Area>
    <Area type="ReportFooter" count="1">
      <Section type="ReportFooter" count="4" width="10800" height="2250" id="3">
        <Element type="Text" count="1" x_position="8100" y_position="150" width="1050" height="300">
          <Element type="Paragraph" count="1">
            <CommonProperties>
              <Attribute name="horizontal align" value="2"/>
            </CommonProperties>
            <Element type="TextPart">
              <FontProperties>
                <Attribute name="font size" value="240"/>
              </FontProperties>
            <![CDATA[Padang ,]]>
            </Element>
          </Element>
        </Element>
        <Element type="FieldElement" x_position="9300" y_position="150" width="1200" height="300">
          <CommonProperties>
            <Attribute name="horizontal align" value="1"/>
          </CommonProperties>
          <FontProperties>
            <Attribute name="font size" value="240"/>
          </FontProperties>
          <Reference name="field" type="SpecialVarField" id="0"/>
        </Element>
        <Element type="Text" count="1" x_position="8400" y_position="600" width="1800" height="300">
          <Element type="Paragraph" count="1">
            <CommonProperties>
              <Attribute name="horizontal align" value="2"/>
            </CommonProperties>
            <Element type="TextPart">
              <FontProperties>
                <Attribute name="font name" value="sansserif"/>
                <Attribute name="font size" value="240"/>
              </FontProperties>
            <![CDATA[Pimpinan]]>
            </Element>
          </Element>
        </Element>
        <Element type="Text" count="1" x_position="8400" y_position="1800" width="1950" height="300">
          <Element type="Paragraph" count="3">
            <CommonProperties>
              <Attribute name="horizontal align" value="1"/>
            </CommonProperties>
            <Element type="TextPart">
              <FontProperties>
                <Attribute name="font name" value="sansserif"/>
              </FontProperties>
            <![CDATA[    (      ]]>
            </Element>
            <Element type="FieldPart">
              <FontProperties>
                <Attribute name="font name" value="sansserif"/>
              </FontProperties>
              <Reference name="field" type="PromptVarField" refname="?prompt0"/>
            </Element>
            <Element type="TextPart">
              <FontProperties>
                <Attribute name="font name" value="sansserif"/>
              </FontProperties>
            <![CDATA[      )]]>
            </Element>
          </Element>
        </Element>
      </Section>
    </Area>
  </AreaPair>

  <AreaPair type="DetailArea" id="1">
    <Area type="Detail" count="1">
      <Section type="Detail" count="9" width="10800" height="450" id="4">
        <Element type="FieldElement" x_position="150" y_position="150" width="1066" height="240">
          <CommonProperties>
            <Attribute name="horizontal align" value="2"/>
          </CommonProperties>
          <Reference name="field" type="DatabaseField" refname="tbl_pembayaran.No_Transaksi"/>
        </Element>
        <Element type="FieldElement" x_position="1350" y_position="150" width="1066" height="240">
          <CommonProperties>
            <Attribute name="horizontal align" value="2"/>
          </CommonProperties>
          <Reference name="field" type="DatabaseField" refname="tbl_pembayaran.Tanggal_Booking"/>
        </Element>
        <Element type="FieldElement" x_position="2550" y_position="150" width="1066" height="240">
          <CommonProperties>
            <Attribute name="horizontal align" value="2"/>
          </CommonProperties>
          <Reference name="field" type="DatabaseField" refname="tbl_pembayaran.Nama"/>
        </Element>
        <Element type="FieldElement" x_position="3750" y_position="150" width="1066" height="240">
          <CommonProperties>
            <Attribute name="horizontal align" value="2"/>
          </CommonProperties>
          <NumberProperties>
            <Attribute name="thousand seperators symbol" value=","/>
            <Attribute name="decimal seperators symbol" value="."/>
            <Attribute name="currency symbol" value="¤"/>
          </NumberProperties>
          <Reference name="field" type="DatabaseField" refname="tbl_pembayaran.Total"/>
        </Element>
        <Element type="FieldElement" x_position="4864" y_position="120" width="1066" height="240">
          <CommonProperties>
            <Attribute name="horizontal align" value="2"/>
          </CommonProperties>
          <NumberProperties>
            <Attribute name="thousand seperators symbol" value=","/>
            <Attribute name="decimal seperators symbol" value="."/>
            <Attribute name="currency symbol" value="¤"/>
          </NumberProperties>
          <Reference name="field" type="DatabaseField" refname="tbl_pembayaran.DP"/>
        </Element>
        <Element type="FieldElement" x_position="6050" y_position="120" width="1066" height="240">
          <CommonProperties>
            <Attribute name="horizontal align" value="2"/>
          </CommonProperties>
          <NumberProperties>
            <Attribute name="thousand seperators symbol" value=","/>
            <Attribute name="decimal seperators symbol" value="."/>
            <Attribute name="currency symbol" value="¤"/>
          </NumberProperties>
          <Reference name="field" type="DatabaseField" refname="tbl_pembayaran.Sisa_Pembayaran"/>
        </Element>
        <Element type="FieldElement" x_position="7236" y_position="120" width="1066" height="240">
          <CommonProperties>
            <Attribute name="horizontal align" value="2"/>
          </CommonProperties>
          <NumberProperties>
            <Attribute name="thousand seperators symbol" value=","/>
            <Attribute name="decimal seperators symbol" value="."/>
            <Attribute name="currency symbol" value="¤"/>
          </NumberProperties>
          <Reference name="field" type="DatabaseField" refname="tbl_pembayaran.Bayar"/>
        </Element>
        <Element type="FieldElement" x_position="8422" y_position="120" width="1066" height="240">
          <CommonProperties>
            <Attribute name="horizontal align" value="2"/>
          </CommonProperties>
          <NumberProperties>
            <Attribute name="thousand seperators symbol" value=","/>
            <Attribute name="decimal seperators symbol" value="."/>
            <Attribute name="currency symbol" value="¤"/>
          </NumberProperties>
          <Reference name="field" type="DatabaseField" refname="tbl_pembayaran.Final_Payment"/>
        </Element>
        <Element type="FieldElement" x_position="9608" y_position="120" width="1066" height="240">
          <CommonProperties>
            <Attribute name="horizontal align" value="2"/>
          </CommonProperties>
          <Reference name="field" type="DatabaseField" refname="tbl_pembayaran.Status"/>
        </Element>
      </Section>
    </Area>
  </AreaPair>

</inet:Report>
